#
# There is insufficient memory for the Java Runtime Environment to continue.
# Native memory allocation (mmap) failed to map 1543503872 bytes for committing reserved memory.
# Possible reasons:
#   The system is out of physical RAM or swap space
#   In 32 bit mode, the process size limit was hit
# Possible solutions:
#   Reduce memory load on the system
#   Increase physical memory or swap space
#   Check if swap backing store is full
#   Use 64 bit Java on a 64 bit OS
#   Decrease Java heap size (-Xmx/-Xms)
#   Decrease number of Java threads
#   Decrease Java thread stack sizes (-Xss)
#   Set larger code cache with -XX:ReservedCodeCacheSize=
# This output file may be truncated or incomplete.
#
#  Out of Memory Error (os_linux.cpp:2743), pid=29655, tid=0x00007f7a4ef8b700
#
# JRE version:  (8.0_191-b12) (build )
# Java VM: Java HotSpot(TM) 64-Bit Server VM (25.191-b12 mixed mode linux-amd64 compressed oops)
# Failed to write core dump. Core dumps have been disabled. To enable core dumping, try "ulimit -c unlimited" before starting Java again
#

---------------  T H R E A D  ---------------

Current thread (0x00007f7a4800e4a0):  JavaThread "Unknown thread" [_thread_in_vm, id=29656, stack(0x00007f7a4ef4c000,0x00007f7a4ef8c000)]

Stack: [0x00007f7a4ef4c000,0x00007f7a4ef8c000],  sp=0x00007f7a4ef8a4a0,  free space=249k
Native frames: (J=compiled Java code, j=interpreted, Vv=VM code, C=native code)
V  [libjvm.so+0xace425]  VMError::report_and_die()+0x2c5
V  [libjvm.so+0x4deb77]  report_vm_out_of_memory(char const*, int, unsigned long, VMErrorType, char const*)+0x67
V  [libjvm.so+0x90c570]  os::pd_commit_memory(char*, unsigned long, unsigned long, bool)+0x100
V  [libjvm.so+0x903eaf]  os::commit_memory(char*, unsigned long, unsigned long, bool)+0x1f
V  [libjvm.so+0xaca93c]  VirtualSpace::initialize(ReservedSpace, unsigned long)+0x20c
V  [libjvm.so+0x5ea477]  CardGeneration::CardGeneration(ReservedSpace, unsigned long, int, GenRemSet*)+0xc7
V  [libjvm.so+0x4bc7de]  ConcurrentMarkSweepGeneration::ConcurrentMarkSweepGeneration(ReservedSpace, unsigned long, int, CardTableRS*, bool, FreeBlockDictionary<FreeChunk>::DictionaryChoice)+0x2e
V  [libjvm.so+0x5eb842]  GenerationSpec::init(ReservedSpace, int, GenRemSet*)+0x182
V  [libjvm.so+0x5d699f]  GenCollectedHeap::initialize()+0x20f
V  [libjvm.so+0xa922ba]  Universe::initialize_heap()+0x16a
V  [libjvm.so+0xa92593]  universe_init()+0x33
V  [libjvm.so+0x62f0f0]  init_globals()+0x50
V  [libjvm.so+0xa74c57]  Threads::create_vm(JavaVMInitArgs*, bool*)+0x257
V  [libjvm.so+0x6d49ff]  JNI_CreateJavaVM+0x4f
C  [libjli.so+0x7e74]  JavaMain+0x84
C  [libpthread.so.0+0x76db]  start_thread+0xdb


---------------  P R O C E S S  ---------------

Java Threads: ( => current thread )

Other Threads:

=>0x00007f7a4800e4a0 (exited) JavaThread "Unknown thread" [_thread_in_vm, id=29656, stack(0x00007f7a4ef4c000,0x00007f7a4ef8c000)]

VM state:not at safepoint (not fully initialized)

VM Mutex/Monitor currently owned by a thread: None

GC Heap History (0 events):
No events

Deoptimization events (0 events):
No events

Classes redefined (0 events):
No events

Internal exceptions (0 events):
No events

Events (0 events):
No events


Dynamic libraries:
00400000-00401000 r-xp 00000000 08:08 2236401                            /usr/lib/jvm/java-8-oracle/jre/bin/java
00600000-00601000 r--p 00000000 08:08 2236401                            /usr/lib/jvm/java-8-oracle/jre/bin/java
00601000-00602000 rw-p 00001000 08:08 2236401                            /usr/lib/jvm/java-8-oracle/jre/bin/java
0136f000-01390000 rw-p 00000000 00:00 0                                  [heap]
85600000-a4000000 rw-p 00000000 00:00 0 
7f7a2c000000-7f7a2c021000 rw-p 00000000 00:00 0 
7f7a2c021000-7f7a30000000 ---p 00000000 00:00 0 
7f7a33969000-7f7a34000000 rw-p 00000000 00:00 0 
7f7a34000000-7f7a34021000 rw-p 00000000 00:00 0 
7f7a34021000-7f7a38000000 ---p 00000000 00:00 0 
7f7a38062000-7f7a3855b000 rw-p 00000000 00:00 0 
7f7a3855b000-7f7a3883b000 ---p 00000000 00:00 0 
7f7a3883b000-7f7a3883c000 rw-p 00000000 00:00 0 
7f7a3883c000-7f7a3883d000 ---p 00000000 00:00 0 
7f7a3883d000-7f7a3893d000 rw-p 00000000 00:00 0 
7f7a3893d000-7f7a3893e000 ---p 00000000 00:00 0 
7f7a3893e000-7f7a38a3e000 rw-p 00000000 00:00 0 
7f7a38a3e000-7f7a38a3f000 ---p 00000000 00:00 0 
7f7a38a3f000-7f7a38b3f000 rw-p 00000000 00:00 0 
7f7a38b3f000-7f7a38b40000 ---p 00000000 00:00 0 
7f7a38b40000-7f7a38c4a000 rw-p 00000000 00:00 0 
7f7a38c4a000-7f7a39000000 ---p 00000000 00:00 0 
7f7a39000000-7f7a39270000 rwxp 00000000 00:00 0 
7f7a39270000-7f7a48000000 ---p 00000000 00:00 0 
7f7a48000000-7f7a48044000 rw-p 00000000 00:00 0 
7f7a48044000-7f7a4c000000 ---p 00000000 00:00 0 
7f7a4c05c000-7f7a4c05d000 ---p 00000000 00:00 0 
7f7a4c05d000-7f7a4c15d000 rw-p 00000000 00:00 0 
7f7a4c15d000-7f7a4c15e000 ---p 00000000 00:00 0 
7f7a4c15e000-7f7a4c25e000 rw-p 00000000 00:00 0 
7f7a4c25e000-7f7a4c25f000 ---p 00000000 00:00 0 
7f7a4c25f000-7f7a4c35f000 rw-p 00000000 00:00 0 
7f7a4c35f000-7f7a4c379000 r-xp 00000000 08:08 2236596                    /usr/lib/jvm/java-8-oracle/jre/lib/amd64/libzip.so
7f7a4c379000-7f7a4c579000 ---p 0001a000 08:08 2236596                    /usr/lib/jvm/java-8-oracle/jre/lib/amd64/libzip.so
7f7a4c579000-7f7a4c57a000 r--p 0001a000 08:08 2236596                    /usr/lib/jvm/java-8-oracle/jre/lib/amd64/libzip.so
7f7a4c57a000-7f7a4c57b000 rw-p 0001b000 08:08 2236596                    /usr/lib/jvm/java-8-oracle/jre/lib/amd64/libzip.so
7f7a4c57b000-7f7a4c585000 r-xp 00000000 08:08 2236605                    /usr/lib/jvm/java-8-oracle/jre/lib/amd64/libinstrument.so
7f7a4c585000-7f7a4c784000 ---p 0000a000 08:08 2236605                    /usr/lib/jvm/java-8-oracle/jre/lib/amd64/libinstrument.so
7f7a4c784000-7f7a4c785000 r--p 00009000 08:08 2236605                    /usr/lib/jvm/java-8-oracle/jre/lib/amd64/libinstrument.so
7f7a4c785000-7f7a4c786000 rw-p 0000a000 08:08 2236605                    /usr/lib/jvm/java-8-oracle/jre/lib/amd64/libinstrument.so
7f7a4c786000-7f7a4c790000 r-xp 00000000 08:08 1581797                    /usr/lib/x86_64-linux-gnu/libnuma.so.1.0.0
7f7a4c790000-7f7a4c98f000 ---p 0000a000 08:08 1581797                    /usr/lib/x86_64-linux-gnu/libnuma.so.1.0.0
7f7a4c98f000-7f7a4c990000 r--p 00009000 08:08 1581797                    /usr/lib/x86_64-linux-gnu/libnuma.so.1.0.0
7f7a4c990000-7f7a4c991000 rw-p 0000a000 08:08 1581797                    /usr/lib/x86_64-linux-gnu/libnuma.so.1.0.0
7f7a4c991000-7f7a4c9be000 r-xp 00000000 08:08 2236590                    /usr/lib/jvm/java-8-oracle/jre/lib/amd64/libjava.so
7f7a4c9be000-7f7a4cbbd000 ---p 0002d000 08:08 2236590                    /usr/lib/jvm/java-8-oracle/jre/lib/amd64/libjava.so
7f7a4cbbd000-7f7a4cbbe000 r--p 0002c000 08:08 2236590                    /usr/lib/jvm/java-8-oracle/jre/lib/amd64/libjava.so
7f7a4cbbe000-7f7a4cbc0000 rw-p 0002d000 08:08 2236590                    /usr/lib/jvm/java-8-oracle/jre/lib/amd64/libjava.so
7f7a4cbc0000-7f7a4cbcd000 r-xp 00000000 08:08 2236595                    /usr/lib/jvm/java-8-oracle/jre/lib/amd64/libverify.so
7f7a4cbcd000-7f7a4cdcc000 ---p 0000d000 08:08 2236595                    /usr/lib/jvm/java-8-oracle/jre/lib/amd64/libverify.so
7f7a4cdcc000-7f7a4cdce000 r--p 0000c000 08:08 2236595                    /usr/lib/jvm/java-8-oracle/jre/lib/amd64/libverify.so
7f7a4cdce000-7f7a4cdcf000 rw-p 0000e000 08:08 2236595                    /usr/lib/jvm/java-8-oracle/jre/lib/amd64/libverify.so
7f7a4cdcf000-7f7a4cdd6000 r-xp 00000000 08:08 4461419                    /lib/x86_64-linux-gnu/librt-2.27.so
7f7a4cdd6000-7f7a4cfd5000 ---p 00007000 08:08 4461419                    /lib/x86_64-linux-gnu/librt-2.27.so
7f7a4cfd5000-7f7a4cfd6000 r--p 00006000 08:08 4461419                    /lib/x86_64-linux-gnu/librt-2.27.so
7f7a4cfd6000-7f7a4cfd7000 rw-p 00007000 08:08 4461419                    /lib/x86_64-linux-gnu/librt-2.27.so
7f7a4cfd7000-7f7a4d174000 r-xp 00000000 08:08 4461341                    /lib/x86_64-linux-gnu/libm-2.27.so
7f7a4d174000-7f7a4d373000 ---p 0019d000 08:08 4461341                    /lib/x86_64-linux-gnu/libm-2.27.so
7f7a4d373000-7f7a4d374000 r--p 0019c000 08:08 4461341                    /lib/x86_64-linux-gnu/libm-2.27.so
7f7a4d374000-7f7a4d375000 rw-p 0019d000 08:08 4461341                    /lib/x86_64-linux-gnu/libm-2.27.so
7f7a4d375000-7f7a4e057000 r-xp 00000000 08:08 2236618                    /usr/lib/jvm/java-8-oracle/jre/lib/amd64/server/libjvm.so
7f7a4e057000-7f7a4e257000 ---p 00ce2000 08:08 2236618                    /usr/lib/jvm/java-8-oracle/jre/lib/amd64/server/libjvm.so
7f7a4e257000-7f7a4e2ed000 r--p 00ce2000 08:08 2236618                    /usr/lib/jvm/java-8-oracle/jre/lib/amd64/server/libjvm.so
7f7a4e2ed000-7f7a4e31e000 rw-p 00d78000 08:08 2236618                    /usr/lib/jvm/java-8-oracle/jre/lib/amd64/server/libjvm.so
7f7a4e31e000-7f7a4e359000 rw-p 00000000 00:00 0 
7f7a4e359000-7f7a4e540000 r-xp 00000000 08:08 4461278                    /lib/x86_64-linux-gnu/libc-2.27.so
7f7a4e540000-7f7a4e740000 ---p 001e7000 08:08 4461278                    /lib/x86_64-linux-gnu/libc-2.27.so
7f7a4e740000-7f7a4e744000 r--p 001e7000 08:08 4461278                    /lib/x86_64-linux-gnu/libc-2.27.so
7f7a4e744000-7f7a4e746000 rw-p 001eb000 08:08 4461278                    /lib/x86_64-linux-gnu/libc-2.27.so
7f7a4e746000-7f7a4e74a000 rw-p 00000000 00:00 0 
7f7a4e74a000-7f7a4e74d000 r-xp 00000000 08:08 4461301                    /lib/x86_64-linux-gnu/libdl-2.27.so
7f7a4e74d000-7f7a4e94c000 ---p 00003000 08:08 4461301                    /lib/x86_64-linux-gnu/libdl-2.27.so
7f7a4e94c000-7f7a4e94d000 r--p 00002000 08:08 4461301                    /lib/x86_64-linux-gnu/libdl-2.27.so
7f7a4e94d000-7f7a4e94e000 rw-p 00003000 08:08 4461301                    /lib/x86_64-linux-gnu/libdl-2.27.so
7f7a4e94e000-7f7a4e965000 r-xp 00000000 08:08 2236614                    /usr/lib/jvm/java-8-oracle/jre/lib/amd64/jli/libjli.so
7f7a4e965000-7f7a4eb64000 ---p 00017000 08:08 2236614                    /usr/lib/jvm/java-8-oracle/jre/lib/amd64/jli/libjli.so
7f7a4eb64000-7f7a4eb65000 r--p 00016000 08:08 2236614                    /usr/lib/jvm/java-8-oracle/jre/lib/amd64/jli/libjli.so
7f7a4eb65000-7f7a4eb66000 rw-p 00017000 08:08 2236614                    /usr/lib/jvm/java-8-oracle/jre/lib/amd64/jli/libjli.so
7f7a4eb66000-7f7a4eb80000 r-xp 00000000 08:08 4461411                    /lib/x86_64-linux-gnu/libpthread-2.27.so
7f7a4eb80000-7f7a4ed7f000 ---p 0001a000 08:08 4461411                    /lib/x86_64-linux-gnu/libpthread-2.27.so
7f7a4ed7f000-7f7a4ed80000 r--p 00019000 08:08 4461411                    /lib/x86_64-linux-gnu/libpthread-2.27.so
7f7a4ed80000-7f7a4ed81000 rw-p 0001a000 08:08 4461411                    /lib/x86_64-linux-gnu/libpthread-2.27.so
7f7a4ed81000-7f7a4ed85000 rw-p 00000000 00:00 0 
7f7a4ed85000-7f7a4edac000 r-xp 00000000 08:08 4461250                    /lib/x86_64-linux-gnu/ld-2.27.so
7f7a4ee4a000-7f7a4ee4b000 ---p 00000000 00:00 0 
7f7a4ee4b000-7f7a4ef4b000 rw-p 00000000 00:00 0 
7f7a4ef4b000-7f7a4ef4c000 ---p 00000000 00:00 0 
7f7a4ef4c000-7f7a4ef4f000 ---p 00000000 00:00 0 
7f7a4ef4f000-7f7a4ef90000 rw-p 00000000 00:00 0 
7f7a4efa2000-7f7a4efab000 rw-p 00000000 00:00 0 
7f7a4efab000-7f7a4efac000 r--p 00000000 00:00 0 
7f7a4efac000-7f7a4efad000 r--p 00027000 08:08 4461250                    /lib/x86_64-linux-gnu/ld-2.27.so
7f7a4efad000-7f7a4efae000 rw-p 00028000 08:08 4461250                    /lib/x86_64-linux-gnu/ld-2.27.so
7f7a4efae000-7f7a4efaf000 rw-p 00000000 00:00 0 
7ffeed82a000-7ffeed84c000 rw-p 00000000 00:00 0                          [stack]
7ffeed91b000-7ffeed91e000 r--p 00000000 00:00 0                          [vvar]
7ffeed91e000-7ffeed920000 r-xp 00000000 00:00 0                          [vdso]
ffffffffff600000-ffffffffff601000 r-xp 00000000 00:00 0                  [vsyscall]

VM Arguments:
jvm_args: -Xloggc:/var/log/cassandra/gc.log -ea -XX:+UseThreadPriorities -XX:ThreadPriorityPolicy=42 -XX:+HeapDumpOnOutOfMemoryError -Xss256k -XX:StringTableSize=1000003 -XX:+AlwaysPreTouch -XX:-UseBiasedLocking -XX:+UseTLAB -XX:+ResizeTLAB -XX:+UseNUMA -XX:+PerfDisableSharedMem -Djava.net.preferIPv4Stack=true -XX:+UseParNewGC -XX:+UseConcMarkSweepGC -XX:+CMSParallelRemarkEnabled -XX:SurvivorRatio=8 -XX:MaxTenuringThreshold=1 -XX:CMSInitiatingOccupancyFraction=75 -XX:+UseCMSInitiatingOccupancyOnly -XX:CMSWaitDuration=10000 -XX:+CMSParallelInitialMarkEnabled -XX:+CMSEdenChunksRecordAlways -XX:+CMSClassUnloadingEnabled -XX:+PrintGCDetails -XX:+PrintGCDateStamps -XX:+PrintHeapAtGC -XX:+PrintTenuringDistribution -XX:+PrintGCApplicationStoppedTime -XX:+PrintPromotionFailure -XX:+UseGCLogFileRotation -XX:NumberOfGCLogFiles=10 -XX:GCLogFileSize=10M -Xms1961M -Xmx1961M -Xmn490M -XX:+UseCondCardMark -XX:CompileCommandFile=/etc/cassandra/hotspot_compiler -javaagent:/usr/share/cassandra/lib/jamm-0.3.0.jar -Dcassandra.jmx.local.port=7199 -Dcom.sun.management.jmxremote.authenticate=false -Dcom.sun.management.jmxremote.password.file=/etc/cassandra/jmxremote.password -Djava.library.path=/usr/share/cassandra/lib/sigar-bin -XX:OnOutOfMemoryError=kill -9 %p -Dlogback.configurationFile=logback.xml -Dcassandra.logdir=/var/log/cassandra -Dcassandra.storagedir=/var/lib/cassandra 
java_command: org.apache.cassandra.service.CassandraDaemon
java_class_path (initial): /etc/cassandra:/usr/share/cassandra/lib/HdrHistogram-2.1.9.jar:/usr/share/cassandra/lib/ST4-4.0.8.jar:/usr/share/cassandra/lib/airline-0.6.jar:/usr/share/cassandra/lib/antlr-runtime-3.5.2.jar:/usr/share/cassandra/lib/asm-5.0.4.jar:/usr/share/cassandra/lib/caffeine-2.2.6.jar:/usr/share/cassandra/lib/cassandra-driver-core-3.0.1-shaded.jar:/usr/share/cassandra/lib/commons-cli-1.1.jar:/usr/share/cassandra/lib/commons-codec-1.9.jar:/usr/share/cassandra/lib/commons-lang3-3.1.jar:/usr/share/cassandra/lib/commons-math3-3.2.jar:/usr/share/cassandra/lib/compress-lzf-0.8.4.jar:/usr/share/cassandra/lib/concurrent-trees-2.4.0.jar:/usr/share/cassandra/lib/concurrentlinkedhashmap-lru-1.4.jar:/usr/share/cassandra/lib/disruptor-3.0.1.jar:/usr/share/cassandra/lib/ecj-4.4.2.jar:/usr/share/cassandra/lib/guava-18.0.jar:/usr/share/cassandra/lib/high-scale-lib-1.0.6.jar:/usr/share/cassandra/lib/hppc-0.5.4.jar:/usr/share/cassandra/lib/jackson-core-asl-1.9.13.jar:/usr/share/cassandra/lib/jackson-mapper-asl-1.9.13.jar:/usr/share/cassandra/lib/jamm-0.3.0.jar:/usr/share/cassandra/lib/javax.inject.jar:/usr/share/cassandra/lib/jbcrypt-0.3m.jar:/usr/share/cassandra/lib/jcl-over-slf4j-1.7.7.jar:/usr/share/cassandra/lib/jctools-core-1.2.1.jar:/usr/share/cassandra/lib/jflex-1.6.0.jar:/usr/share/cassandra/lib/jna-4.2.2.jar:/usr/share/cassandra/lib/joda-time-2.4.jar:/usr/share/cassandra/lib/json-simple-1.1.jar:/usr/share/cassandra/lib/jstackjunit-0.0.1.jar:/usr/share/cassandra/lib/libthrift-0.9.2.jar:/usr/share/cassandra/lib/log4j-over-slf4j-1.7.7.jar:/usr/share/cassandra/lib/logback-classic-1.1.3.jar:/usr/share/cassandra/lib/logback-core-1.1.3.jar:/usr/share/cassandra/lib/lz4-1.3.0.jar:/usr/share/cassandra/lib/metrics-core-3.1.5.jar:/usr/share/cassandra/lib/metrics-jvm-3.1.5.jar:/usr/share/cassandra/lib/metrics-logback-3.1.5.jar:/usr/share/cassandra/lib/netty-all-4.0.44.Final.jar:/usr/share/cassandra/lib/ohc-core-0.4.4.jar:/usr/share/cassandra/lib/ohc-core-j8-0.4.4.jar:/u
Launcher Type: SUN_STANDARD

Environment Variables:
PATH=/home/atish/miniconda2/bin:/home/atish/.local/bin:/usr/local/sbin:/usr/local/bin:/usr/sbin:/usr/bin:/sbin:/bin:/usr/games:/usr/local/games:/snap/bin
USERNAME=atish
SHELL=/bin/bash
DISPLAY=:0

Signal Handlers:
SIGSEGV: [libjvm.so+0xaced60], sa_mask[0]=11111111011111111101111111111110, sa_flags=SA_RESTART|SA_SIGINFO
SIGBUS: [libjvm.so+0xaced60], sa_mask[0]=11111111011111111101111111111110, sa_flags=SA_RESTART|SA_SIGINFO
SIGFPE: [libjvm.so+0x907ca0], sa_mask[0]=11111111011111111101111111111110, sa_flags=SA_RESTART|SA_SIGINFO
SIGPIPE: [libjvm.so+0x907ca0], sa_mask[0]=11111111011111111101111111111110, sa_flags=SA_RESTART|SA_SIGINFO
SIGXFSZ: [libjvm.so+0x907ca0], sa_mask[0]=11111111011111111101111111111110, sa_flags=SA_RESTART|SA_SIGINFO
SIGILL: [libjvm.so+0x907ca0], sa_mask[0]=11111111011111111101111111111110, sa_flags=SA_RESTART|SA_SIGINFO
SIGUSR1: SIG_DFL, sa_mask[0]=00000000000000000000000000000000, sa_flags=none
SIGUSR2: [libjvm.so+0x907b70], sa_mask[0]=00000000000000000000000000000000, sa_flags=SA_RESTART|SA_SIGINFO
SIGHUP: SIG_DFL, sa_mask[0]=00000000000000000000000000000000, sa_flags=none
SIGINT: SIG_IGN, sa_mask[0]=00000000000000000000000000000000, sa_flags=none
SIGTERM: SIG_DFL, sa_mask[0]=00000000000000000000000000000000, sa_flags=none
SIGQUIT: SIG_IGN, sa_mask[0]=00000000000000000000000000000000, sa_flags=none


---------------  S Y S T E M  ---------------

OS:DISTRIB_ID=Ubuntu
DISTRIB_RELEASE=18.04
DISTRIB_CODENAME=bionic
DISTRIB_DESCRIPTION="Ubuntu 18.04.1 LTS"

uname:Linux 4.15.0-39-generic #42-Ubuntu SMP Tue Oct 23 15:48:01 UTC 2018 x86_64
libc:glibc 2.27 NPTL 2.27 
rlimit: STACK 8192k, CORE 0k, NPROC 30816, NOFILE 4096, AS infinity
load average:0.80 0.91 0.75

/proc/meminfo:
MemTotal:        8032476 kB
MemFree:          211612 kB
MemAvailable:    1336676 kB
Buffers:          157956 kB
Cached:          1671144 kB
SwapCached:            0 kB
Active:          3893848 kB
Inactive:        1157368 kB
Active(anon):    3264424 kB
Inactive(anon):   493780 kB
Active(file):     629424 kB
Inactive(file):   663588 kB
Unevictable:     2296732 kB
Mlocked:         2296796 kB
SwapTotal:             0 kB
SwapFree:              0 kB
Dirty:              1672 kB
Writeback:             0 kB
AnonPages:       5518972 kB
Mapped:           635536 kB
Shmem:            503504 kB
Slab:             253016 kB
SReclaimable:     115500 kB
SUnreclaim:       137516 kB
KernelStack:       21024 kB
PageTables:        93360 kB
NFS_Unstable:          0 kB
Bounce:                0 kB
WritebackTmp:          0 kB
CommitLimit:     4016236 kB
Committed_AS:   17147632 kB
VmallocTotal:   34359738367 kB
VmallocUsed:           0 kB
VmallocChunk:          0 kB
HardwareCorrupted:     0 kB
AnonHugePages:         0 kB
ShmemHugePages:        0 kB
ShmemPmdMapped:        0 kB
CmaTotal:              0 kB
CmaFree:               0 kB
HugePages_Total:       0
HugePages_Free:        0
HugePages_Rsvd:        0
HugePages_Surp:        0
Hugepagesize:       2048 kB
DirectMap4k:      391612 kB
DirectMap2M:     7862272 kB
DirectMap1G:     1048576 kB

container (cgroup) information:
container_type: cgroupv1
cpu_cpuset_cpus: 0-7
cpu_memory_nodes: 0
active_processor_count: 8
cpu_quota: -1
cpu_period: 100000
cpu_shares: -1
memory_limit_in_bytes: -1
memory_and_swap_limit_in_bytes: -2
memory_soft_limit_in_bytes: -1
memory_usage_in_bytes: 4625559552
memory_max_usage_in_bytes: 5179301888


CPU:total 8 (initial active 8) (4 cores per cpu, 2 threads per core) family 6 model 94 stepping 3, cmov, cx8, fxsr, mmx, sse, sse2, sse3, ssse3, sse4.1, sse4.2, popcnt, avx, avx2, aes, clmul, erms, rtm, 3dnowpref, lzcnt, ht, tsc, tscinvbit, bmi1, bmi2, adx

/proc/cpuinfo:
processor	: 0
vendor_id	: GenuineIntel
cpu family	: 6
model		: 94
model name	: Intel(R) Core(TM) i7-6700HQ CPU @ 2.60GHz
stepping	: 3
microcode	: 0xc6
cpu MHz		: 993.377
cache size	: 6144 KB
physical id	: 0
siblings	: 8
core id		: 0
cpu cores	: 4
apicid		: 0
initial apicid	: 0
fpu		: yes
fpu_exception	: yes
cpuid level	: 22
wp		: yes
flags		: fpu vme de pse tsc msr pae mce cx8 apic sep mtrr pge mca cmov pat pse36 clflush dts acpi mmx fxsr sse sse2 ss ht tm pbe syscall nx pdpe1gb rdtscp lm constant_tsc art arch_perfmon pebs bts rep_good nopl xtopology nonstop_tsc cpuid aperfmperf tsc_known_freq pni pclmulqdq dtes64 monitor ds_cpl vmx est tm2 ssse3 sdbg fma cx16 xtpr pdcm pcid sse4_1 sse4_2 x2apic movbe popcnt tsc_deadline_timer aes xsave avx f16c rdrand lahf_lm abm 3dnowprefetch cpuid_fault epb invpcid_single pti ssbd ibrs ibpb stibp tpr_shadow vnmi flexpriority ept vpid fsgsbase tsc_adjust bmi1 hle avx2 smep bmi2 erms invpcid rtm mpx rdseed adx smap clflushopt intel_pt xsaveopt xsavec xgetbv1 xsaves dtherm ida arat pln pts hwp hwp_notify hwp_act_window hwp_epp flush_l1d
bugs		: cpu_meltdown spectre_v1 spectre_v2 spec_store_bypass l1tf
bogomips	: 5184.00
clflush size	: 64
cache_alignment	: 64
address sizes	: 39 bits physical, 48 bits virtual
power management:

processor	: 1
vendor_id	: GenuineIntel
cpu family	: 6
model		: 94
model name	: Intel(R) Core(TM) i7-6700HQ CPU @ 2.60GHz
stepping	: 3
microcode	: 0xc6
cpu MHz		: 913.611
cache size	: 6144 KB
physical id	: 0
siblings	: 8
core id		: 1
cpu cores	: 4
apicid		: 2
initial apicid	: 2
fpu		: yes
fpu_exception	: yes
cpuid level	: 22
wp		: yes
flags		: fpu vme de pse tsc msr pae mce cx8 apic sep mtrr pge mca cmov pat pse36 clflush dts acpi mmx fxsr sse sse2 ss ht tm pbe syscall nx pdpe1gb rdtscp lm constant_tsc art arch_perfmon pebs bts rep_good nopl xtopology nonstop_tsc cpuid aperfmperf tsc_known_freq pni pclmulqdq dtes64 monitor ds_cpl vmx est tm2 ssse3 sdbg fma cx16 xtpr pdcm pcid sse4_1 sse4_2 x2apic movbe popcnt tsc_deadline_timer aes xsave avx f16c rdrand lahf_lm abm 3dnowprefetch cpuid_fault epb invpcid_single pti ssbd ibrs ibpb stibp tpr_shadow vnmi flexpriority ept vpid fsgsbase tsc_adjust bmi1 hle avx2 smep bmi2 erms invpcid rtm mpx rdseed adx smap clflushopt intel_pt xsaveopt xsavec xgetbv1 xsaves dtherm ida arat pln pts hwp hwp_notify hwp_act_window hwp_epp flush_l1d
bugs		: cpu_meltdown spectre_v1 spectre_v2 spec_store_bypass l1tf
bogomips	: 5184.00
clflush size	: 64
cache_alignment	: 64
address sizes	: 39 bits physical, 48 bits virtual
power management:

processor	: 2
vendor_id	: GenuineIntel
cpu family	: 6
model		: 94
model name	: Intel(R) Core(TM) i7-6700HQ CPU @ 2.60GHz
stepping	: 3
microcode	: 0xc6
cpu MHz		: 960.434
cache size	: 6144 KB
physical id	: 0
siblings	: 8
core id		: 2
cpu cores	: 4
apicid		: 4
initial apicid	: 4
fpu		: yes
fpu_exception	: yes
cpuid level	: 22
wp		: yes
flags		: fpu vme de pse tsc msr pae mce cx8 apic sep mtrr pge mca cmov pat pse36 clflush dts acpi mmx fxsr sse sse2 ss ht tm pbe syscall nx pdpe1gb rdtscp lm constant_tsc art arch_perfmon pebs bts rep_good nopl xtopology nonstop_tsc cpuid aperfmperf tsc_known_freq pni pclmulqdq dtes64 monitor ds_cpl vmx est tm2 ssse3 sdbg fma cx16 xtpr pdcm pcid sse4_1 sse4_2 x2apic movbe popcnt tsc_deadline_timer aes xsave avx f16c rdrand lahf_lm abm 3dnowprefetch cpuid_fault epb invpcid_single pti ssbd ibrs ibpb stibp tpr_shadow vnmi flexpriority ept vpid fsgsbase tsc_adjust bmi1 hle avx2 smep bmi2 erms invpcid rtm mpx rdseed adx smap clflushopt intel_pt xsaveopt xsavec xgetbv1 xsaves dtherm ida arat pln pts hwp hwp_notify hwp_act_window hwp_epp flush_l1d
bugs		: cpu_meltdown spectre_v1 spectre_v2 spec_store_bypass l1tf
bogomips	: 5184.00
clflush size	: 64
cache_alignment	: 64
address sizes	: 39 bits physical, 48 bits virtual
power management:

processor	: 3
vendor_id	: GenuineIntel
cpu family	: 6
model		: 94
model name	: Intel(R) Core(TM) i7-6700HQ CPU @ 2.60GHz
stepping	: 3
microcode	: 0xc6
cpu MHz		: 1446.832
cache size	: 6144 KB
physical id	: 0
siblings	: 8
core id		: 3
cpu cores	: 4
apicid		: 6
initial apicid	: 6
fpu		: yes
fpu_exception	: yes
cpuid level	: 22
wp		: yes
flags		: fpu vme de pse tsc msr pae mce cx8 apic sep mtrr pge mca cmov pat pse36 clflush dts acpi mmx fxsr sse sse2 ss ht tm pbe syscall nx pdpe1gb rdtscp lm constant_tsc art arch_perfmon pebs bts rep_good nopl xtopology nonstop_tsc cpuid aperfmperf tsc_known_freq pni pclmulqdq dtes64 monitor ds_cpl vmx est tm2 ssse3 sdbg fma cx16 xtpr pdcm pcid sse4_1 sse4_2 x2apic movbe popcnt tsc_deadline_timer aes xsave avx f16c rdrand lahf_lm abm 3dnowprefetch cpuid_fault epb invpcid_single pti ssbd ibrs ibpb stibp tpr_shadow vnmi flexpriority ept vpid fsgsbase tsc_adjust bmi1 hle avx2 smep bmi2 erms invpcid rtm mpx rdseed adx smap clflushopt intel_pt xsaveopt xsavec xgetbv1 xsaves dtherm ida arat pln pts hwp hwp_notify hwp_act_window hwp_epp flush_l1d
bugs		: cpu_meltdown spectre_v1 spectre_v2 spec_store_bypass l1tf
bogomips	: 5184.00
clflush size	: 64
cache_alignment	: 64
address sizes	: 39 bits physical, 48 bits virtual
power management:

processor	: 4
vendor_id	: GenuineIntel
cpu family	: 6
model		: 94
model name	: Intel(R) Core(TM) i7-6700HQ CPU @ 2.60GHz
stepping	: 3
microcode	: 0xc6
cpu MHz		: 1341.951
cache size	: 6144 KB
physical id	: 0
siblings	: 8
core id		: 0
cpu cores	: 4
apicid		: 1
initial apicid	: 1
fpu		: yes
fpu_exception	: yes
cpuid level	: 22
wp		: yes
flags		: fpu vme de pse tsc msr pae mce cx8 apic sep mtrr pge mca cmov pat pse36 clflush dts acpi mmx fxsr sse sse2 ss ht tm pbe syscall nx pdpe1gb rdtscp lm constant_tsc art arch_perfmon pebs bts rep_good nopl xtopology nonstop_tsc cpuid aperfmperf tsc_known_freq pni pclmulqdq dtes64 monitor ds_cpl vmx est tm2 ssse3 sdbg fma cx16 xtpr pdcm pcid sse4_1 sse4_2 x2apic movbe popcnt tsc_deadline_timer aes xsave avx f16c rdrand lahf_lm abm 3dnowprefetch cpuid_fault epb invpcid_single pti ssbd ibrs ibpb stibp tpr_shadow vnmi flexpriority ept vpid fsgsbase tsc_adjust bmi1 hle avx2 smep bmi2 erms invpcid rtm mpx rdseed adx smap clflushopt intel_pt xsaveopt xsavec xgetbv1 xsaves dtherm ida arat pln pts hwp hwp_notify hwp_act_window hwp_epp flush_l1d
bugs		: cpu_meltdown spectre_v1 spectre_v2 spec_store_bypass l1tf
bogomips	: 5184.00
clflush size	: 64
cache_alignment	: 64
address sizes	: 39 bits physical, 48 bits virtual
power management:

processor	: 5
vendor_id	: GenuineIntel
cpu family	: 6
model		: 94
model name	: Intel(R) Core(TM) i7-6700HQ CPU @ 2.60GHz
stepping	: 3
microcode	: 0xc6
cpu MHz		: 901.646
cache size	: 6144 KB
physical id	: 0
siblings	: 8
core id		: 1
cpu cores	: 4
apicid		: 3
initial apicid	: 3
fpu		: yes
fpu_exception	: yes
cpuid level	: 22
wp		: yes
flags		: fpu vme de pse tsc msr pae mce cx8 apic sep mtrr pge mca cmov pat pse36 clflush dts acpi mmx fxsr sse sse2 ss ht tm pbe syscall nx pdpe1gb rdtscp lm constant_tsc art arch_perfmon pebs bts rep_good nopl xtopology nonstop_tsc cpuid aperfmperf tsc_known_freq pni pclmulqdq dtes64 monitor ds_cpl vmx est tm2 ssse3 sdbg fma cx16 xtpr pdcm pcid sse4_1 sse4_2 x2apic movbe popcnt tsc_deadline_timer aes xsave avx f16c rdrand lahf_lm abm 3dnowprefetch cpuid_fault epb invpcid_single pti ssbd ibrs ibpb stibp tpr_shadow vnmi flexpriority ept vpid fsgsbase tsc_adjust bmi1 hle avx2 smep bmi2 erms invpcid rtm mpx rdseed adx smap clflushopt intel_pt xsaveopt xsavec xgetbv1 xsaves dtherm ida arat pln pts hwp hwp_notify hwp_act_window hwp_epp flush_l1d
bugs		: cpu_meltdown spectre_v1 spectre_v2 spec_store_bypass l1tf
bogomips	: 5184.00
clflush size	: 64
cache_alignment	: 64
address sizes	: 39 bits physical, 48 bits virtual
power management:

processor	: 6
vendor_id	: GenuineIntel
cpu family	: 6
model		: 94
model name	: Intel(R) Core(TM) i7-6700HQ CPU @ 2.60GHz
stepping	: 3
microcode	: 0xc6
cpu MHz		: 2096.637
cache size	: 6144 KB
physical id	: 0
siblings	: 8
core id		: 2
cpu cores	: 4
apicid		: 5
initial apicid	: 5
fpu		: yes
fpu_exception	: yes
cpuid level	: 22
wp		: yes
flags		: fpu vme de pse tsc msr pae mce cx8 apic sep mtrr pge mca cmov pat pse36 clflush dts acpi mmx fxsr sse sse2 ss ht tm pbe syscall nx pdpe1gb rdtscp lm constant_tsc art arch_perfmon pebs bts rep_good nopl xtopology nonstop_tsc cpuid aperfmperf tsc_known_freq pni pclmulqdq dtes64 monitor ds_cpl vmx est tm2 ssse3 sdbg fma cx16 xtpr pdcm pcid sse4_1 sse4_2 x2apic movbe popcnt tsc_deadline_timer aes xsave avx f16c rdrand lahf_lm abm 3dnowprefetch cpuid_fault epb invpcid_single pti ssbd ibrs ibpb stibp tpr_shadow vnmi flexpriority ept vpid fsgsbase tsc_adjust bmi1 hle avx2 smep bmi2 erms invpcid rtm mpx rdseed adx smap clflushopt intel_pt xsaveopt xsavec xgetbv1 xsaves dtherm ida arat pln pts hwp hwp_notify hwp_act_window hwp_epp flush_l1d
bugs		: cpu_meltdown spectre_v1 spectre_v2 spec_store_bypass l1tf
bogomips	: 5184.00
clflush size	: 64
cache_alignment	: 64
address sizes	: 39 bits physical, 48 bits virtual
power management:

processor	: 7
vendor_id	: GenuineIntel
cpu family	: 6
model		: 94
model name	: Intel(R) Core(TM) i7-6700HQ CPU @ 2.60GHz
stepping	: 3
microcode	: 0xc6
cpu MHz		: 1164.316
cache size	: 6144 KB
physical id	: 0
siblings	: 8
core id		: 3
cpu cores	: 4
apicid		: 7
initial apicid	: 7
fpu		: yes
fpu_exception	: yes
cpuid level	: 22
wp		: yes
flags		: fpu vme de pse tsc msr pae mce cx8 apic sep mtrr pge mca cmov pat pse36 clflush dts acpi mmx fxsr sse sse2 ss ht tm pbe syscall nx pdpe1gb rdtscp lm constant_tsc art arch_perfmon pebs bts rep_good nopl xtopology nonstop_tsc cpuid aperfmperf tsc_known_freq pni pclmulqdq dtes64 monitor ds_cpl vmx est tm2 ssse3 sdbg fma cx16 xtpr pdcm pcid sse4_1 sse4_2 x2apic movbe popcnt tsc_deadline_timer aes xsave avx f16c rdrand lahf_lm abm 3dnowprefetch cpuid_fault epb invpcid_single pti ssbd ibrs ibpb stibp tpr_shadow vnmi flexpriority ept vpid fsgsbase tsc_adjust bmi1 hle avx2 smep bmi2 erms invpcid rtm mpx rdseed adx smap clflushopt intel_pt xsaveopt xsavec xgetbv1 xsaves dtherm ida arat pln pts hwp hwp_notify hwp_act_window hwp_epp flush_l1d
bugs		: cpu_meltdown spectre_v1 spectre_v2 spec_store_bypass l1tf
bogomips	: 5184.00
clflush size	: 64
cache_alignment	: 64
address sizes	: 39 bits physical, 48 bits virtual
power management:



Memory: 4k page, physical 8032476k(211612k free), swap 0k(0k free)

vm_info: Java HotSpot(TM) 64-Bit Server VM (25.191-b12) for linux-amd64 JRE (1.8.0_191-b12), built on Oct  6 2018 05:43:09 by "java_re" with gcc 7.3.0

time: Mon Nov 26 13:28:49 2018
elapsed time: 0 seconds (0d 0h 0m 0s)

